<?xml version="1.0" encoding="UTF-8"?>
<testng-results ignored="0" total="1" passed="1" failed="0" skipped="0">
  <reporter-output>
  </reporter-output>
  <suite started-at="2025-01-14T22:29:13 PKT" name="Default suite" finished-at="2025-01-14T22:29:27 PKT" duration-ms="14388">
    <groups>
    </groups>
    <test started-at="2025-01-14T22:29:13 PKT" name="Default test" finished-at="2025-01-14T22:29:27 PKT" duration-ms="14388">
      <class name="com.qa.testscripts.LoginTest">
        <test-method is-config="true" signature="setup(java.lang.reflect.Method)[pri:0, instance:com.qa.testscripts.LoginTest@3e58a80e]" started-at="2025-01-14T22:29:13 PKT" name="setup" finished-at="2025-01-14T22:29:21 PKT" duration-ms="7730" status="PASS">
          <params>
            <param index="0">
              <value>
                <![CDATA[public void com.qa.testscripts.LoginTest.verifyLogin()]]>
              </value>
            </param>
          </params>
          <reporter-output>
          </reporter-output>
        </test-method> <!-- setup -->
        <test-method signature="verifyLogin()[pri:0, instance:com.qa.testscripts.LoginTest@3e58a80e]" started-at="2025-01-14T22:29:21 PKT" name="verifyLogin" finished-at="2025-01-14T22:29:26 PKT" duration-ms="5585" status="PASS">
          <reporter-output>
          </reporter-output>
        </test-method> <!-- verifyLogin -->
        <test-method is-config="true" signature="teardown(org.testng.ITestResult)[pri:0, instance:com.qa.testscripts.LoginTest@3e58a80e]" started-at="2025-01-14T22:29:26 PKT" name="teardown" finished-at="2025-01-14T22:29:27 PKT" duration-ms="959" status="PASS">
          <params>
            <param index="0">
              <value>
                <![CDATA[[TestResult name=verifyLogin status=SUCCESS method=LoginTest.verifyLogin()[pri:0, instance:com.qa.testscripts.LoginTest@3e58a80e] output={null}]]]>
              </value>
            </param>
          </params>
          <reporter-output>
          </reporter-output>
        </test-method> <!-- teardown -->
      </class> <!-- com.qa.testscripts.LoginTest -->
    </test> <!-- Default test -->
  </suite> <!-- Default suite -->
</testng-results>
